d:\program\comnetworksettingwid\comnetworksettingwid\x64\debug\main.obj
d:\program\comnetworksettingwid\comnetworksettingwid\x64\debug\comnetworksettingwid.obj
d:\program\comnetworksettingwid\comnetworksettingwid\x64\debug\qrc_comnetworksettingwid.obj
d:\program\comnetworksettingwid\comnetworksettingwid\x64\debug\moc_comequiptreewidget.obj
d:\program\comnetworksettingwid\comnetworksettingwid\x64\debug\moc_comnettreewidget.obj
d:\program\comnetworksettingwid\comnetworksettingwid\x64\debug\moc_comnetworksettingwid.obj
d:\program\comnetworksettingwid\comnetworksettingwid\generatedfiles\debug\moc_comnetworksettingwid.cpp
d:\program\comnetworksettingwid\comnetworksettingwid\generatedfiles\debug\moc_comequiptreewidget.cpp
d:\program\comnetworksettingwid\comnetworksettingwid\generatedfiles\debug\moc_comnettreewidget.cpp
d:\program\comnetworksettingwid\comnetworksettingwid\generatedfiles\qrc_comnetworksettingwid.cpp
d:\program\comnetworksettingwid\comnetworksettingwid\generatedfiles\ui_comequiptreewidget.h
d:\program\comnetworksettingwid\comnetworksettingwid\generatedfiles\ui_comnettreewidget.h
d:\program\comnetworksettingwid\comnetworksettingwid\generatedfiles\ui_comnetworksettingwid.h
d:\program\comnetworksettingwid\comnetworksettingwid\.\generatedfiles\debug\moc_comnetworksettingwid.cpp
d:\program\comnetworksettingwid\comnetworksettingwid\.\generatedfiles\debug\moc_comequiptreewidget.cpp
d:\program\comnetworksettingwid\comnetworksettingwid\.\generatedfiles\debug\moc_comnettreewidget.cpp
d:\program\comnetworksettingwid\comnetworksettingwid\.\generatedfiles\qrc_comnetworksettingwid.cpp
d:\program\comnetworksettingwid\comnetworksettingwid\.\generatedfiles\ui_comequiptreewidget.h
d:\program\comnetworksettingwid\comnetworksettingwid\.\generatedfiles\ui_comnettreewidget.h
d:\program\comnetworksettingwid\comnetworksettingwid\.\generatedfiles\ui_comnetworksettingwid.h
d:\program\comnetworksettingwid\comnetworksettingwid\x64\debug\vc141.pdb
d:\program\comnetworksettingwid\comnetworksettingwid\x64\debug\comnetwo.b12702ad.tlog\cl.10628.write.1.tlog
d:\program\comnetworksettingwid\comnetworksettingwid\x64\debug\comnetwo.b12702ad.tlog\cl.command.1.tlog
d:\program\comnetworksettingwid\comnetworksettingwid\x64\debug\comnetwo.b12702ad.tlog\cl.read.1.tlog
d:\program\comnetworksettingwid\comnetworksettingwid\x64\debug\comnetwo.b12702ad.tlog\comnetworksettingwid.write.1u.tlog
d:\program\comnetworksettingwid\comnetworksettingwid\x64\debug\comnetwo.b12702ad.tlog\qtmoc.read.1u.tlog
d:\program\comnetworksettingwid\comnetworksettingwid\x64\debug\comnetwo.b12702ad.tlog\qtmoc.write.1u.tlog
d:\program\comnetworksettingwid\comnetworksettingwid\x64\debug\comnetwo.b12702ad.tlog\qtrcc.read.1u.tlog
d:\program\comnetworksettingwid\comnetworksettingwid\x64\debug\comnetwo.b12702ad.tlog\qtrcc.write.1u.tlog
d:\program\comnetworksettingwid\comnetworksettingwid\x64\debug\comnetwo.b12702ad.tlog\qtuic.read.1u.tlog
d:\program\comnetworksettingwid\comnetworksettingwid\x64\debug\comnetwo.b12702ad.tlog\qtuic.write.1u.tlog
